<?xml version="1.0" encoding="UTF-8"?>
<testsuites name="TS_Login Feature" time="69.771" tests="5" failures="0" errors="0">
   <testsuite name="TS_Login Feature" tests="5" failures="0" errors="0" time="69.771" skipped="0" timestamp="2025-09-12T20:47:21.430Z" hostname="Suhendar-PC - DESKTOP-0GKMVGL" id="Test Suites/Test Functionality/Website/TS_Login Feature">
      <properties>
[...]
</properties>
      <testcase name="Test Cases/Web/Login/TC01_Positive_Login Valid Credential" time="21.604" classname="Test Cases/Web/Login/TC01_Positive_Login Valid Credential" status="PASSED">
         <system-out><![CDATA[13-09-2025T03:47:28 - [TEST_CASE][PASSED] - Test Cases/Web/Login/TC01_Positive_Login Valid Credential: Test Cases/Web/Login/TC01_Positive_Login Valid Credential

13-09-2025T03:47:28 - [TEST_STEP][PASSED] - Start listener action : beforeTestCase: null

13-09-2025T03:47:28 - [TEST_STEP][PASSED] - ••••••••CaseName = split("/").last(): null

13-09-2025T03:47:28 - [TEST_STEP][PASSED] - TestDataUtils.loadTestData(••••••••CaseName): null

13-09-2025T03:47:29 - [TEST_STEP][PASSED] - if (Single_Open_Browser == false): null

13-09-2025T03:47:29 - [TEST_STEP][PASSED] - else: null

13-09-2025T03:47:29 - [TEST_STEP][PASSED] - println("Open Browser is NOT set for single running."): null

13-09-2025T03:47:29 - [TEST_STEP][PASSED] - tcName = getTestCaseId().tokenize("/")[-1]: null

13-09-2025T03:47:29 - [TEST_STEP][PASSED] - TempGlobalVariables.set("Test_Case_Name", tcName): null

13-09-2025T03:47:29 - [TEST_STEP][PASSED] - ReportUtils.createNewFolder(tcName): null

13-09-2025T03:47:30 - [TEST_STEP][PASSED] - startTimes[tcName] = System.currentTimeMillis(): null

13-09-2025T03:47:30 - [TEST_STEP][PASSED] - login = new pageObjects.WebLoginPage(): null

13-09-2025T03:47:30 - [TEST_STEP][PASSED] - dashboard = new pageObjects.WebDashboardPage(): null

13-09-2025T03:47:30 - [TEST_STEP][PASSED] - report = new generic.ReportUtils(): null

13-09-2025T03:47:30 - [TEST_STEP][PASSED] - data = currentTestData: null

13-09-2025T03:47:30 - [TEST_STEP][PASSED] - index = currentIndex: null

13-09-2025T03:47:30 - [TEST_STEP][PASSED] - login.inputUsername(data.getValue("Username", index)): Text 'suhendar' is set on object 'txtUsername'

13-09-2025T03:47:31 - [MESSAGE][PASSED] - Execute JavaScript 'arguments[0].setAttribute('style', 'border: 3px solid red; border-style: dashed;')' successfully

13-09-2025T03:47:31 - [MESSAGE][PASSED] - Execute JavaScript 'arguments[0].setAttribute('style', '')' successfully

13-09-2025T03:47:32 - [MESSAGE][PASSED] - Text 'suhendar' is set on object 'txtUsername'

13-09-2025T03:47:32 - [TEST_STEP][PASSED] - login.inputPassword(data.getValue("Password", index)): Text ****** has been set on object 'txtPassword'

13-09-2025T03:47:32 - [MESSAGE][PASSED] - Execute JavaScript 'arguments[0].setAttribute('style', 'border: 3px solid red; border-style: dashed;')' successfully

13-09-2025T03:47:32 - [MESSAGE][PASSED] - Execute JavaScript 'arguments[0].setAttribute('style', '')' successfully

13-09-2025T03:47:32 - [MESSAGE][PASSED] - Text ****** has been set on object 'txtPassword'

13-09-2025T03:47:32 - [TEST_STEP][PASSED] - ReportUtils.captureScreenshot(): Taking screenshot successfully

13-09-2025T03:47:33 - [MESSAGE][PASSED] - Taking screenshot successfully
[[ATTACHMENT|E:\Full Time Jobs\4. Automation Test Katalon Studio\Repository\SQA_Automation_Test_Project\Reports\CustomPDFReport\TC01_Positive_Login Valid Credential\Run2/screenshot_1.png]]

13-09-2025T03:47:33 - [TEST_STEP][PASSED] - login.clickLogin(): Object: 'btnLogin' is clicked on

13-09-2025T03:47:33 - [MESSAGE][PASSED] - Execute JavaScript 'arguments[0].setAttribute('style', 'border: 3px solid red; border-style: dashed;')' successfully

13-09-2025T03:47:33 - [MESSAGE][PASSED] - Execute JavaScript 'arguments[0].setAttribute('style', '')' successfully

13-09-2025T03:47:38 - [MESSAGE][PASSED] - Object: 'btnLogin' is clicked on

13-09-2025T03:47:38 - [TEST_STEP][PASSED] - dashboard.verifyWelcomeMessage(data.getValue("Expected Outcome 1", index)): Actual text 'Selamat Datang Di Halaman Admin Website Creative Code (V 1.0)' and expected text 'Selamat Datang Di Halaman Admin Website Creative Code (V 1.0)' are matched 

13-09-2025T03:47:40 - [MESSAGE][PASSED] - Delayed 2 second(s)

13-09-2025T03:47:40 - [MESSAGE][PASSED] - Execute JavaScript 'arguments[0].setAttribute('style', 'border: 3px solid red; border-style: dashed;')' successfully

13-09-2025T03:47:41 - [MESSAGE][PASSED] - Execute JavaScript 'arguments[0].setAttribute('style', '')' successfully

13-09-2025T03:47:41 - [MESSAGE][PASSED] - Text of object 'lblDashboardLoginSuccess' is: 'Selamat Datang Di Halaman Admin Website Creative Code (V 1.0)'

13-09-2025T03:47:41 - [MESSAGE][PASSED] - Actual text 'Selamat Datang Di Halaman Admin Website Creative Code (V 1.0)' and expected text 'Selamat Datang Di Halaman Admin Website Creative Code (V 1.0)' are matched 

13-09-2025T03:47:41 - [TEST_STEP][PASSED] - dashboard.verifyLoginInitial(data.getValue("Expected Outcome 2", index)): Actual text 'Suhendar' and expected text 'Suhendar' are matched 

13-09-2025T03:47:41 - [MESSAGE][PASSED] - Object 'lblDashboardLoginInitial' is visible

13-09-2025T03:47:41 - [MESSAGE][PASSED] - Execute JavaScript 'arguments[0].setAttribute('style', 'border: 3px solid red; border-style: dashed;')' successfully

13-09-2025T03:47:41 - [MESSAGE][PASSED] - Execute JavaScript 'arguments[0].setAttribute('style', '')' successfully

13-09-2025T03:47:41 - [MESSAGE][PASSED] - Text of object 'lblDashboardLoginInitial' is: 'Login Admin
Suhendar'

13-09-2025T03:47:41 - [MESSAGE][PASSED] - Actual text 'Suhendar' and expected text 'Suhendar' are matched 

13-09-2025T03:47:41 - [TEST_STEP][PASSED] - ReportUtils.captureScreenshot(): Taking screenshot successfully

13-09-2025T03:47:42 - [MESSAGE][PASSED] - Taking screenshot successfully
[[ATTACHMENT|E:\Full Time Jobs\4. Automation Test Katalon Studio\Repository\SQA_Automation_Test_Project\Reports\CustomPDFReport\TC01_Positive_Login Valid Credential\Run2/screenshot_2.png]]

13-09-2025T03:47:42 - [TEST_STEP][PASSED] - dashboard.actionLogoutWebsite(): Object: 'btnLogout' is clicked on

13-09-2025T03:47:42 - [MESSAGE][PASSED] - Execute JavaScript 'arguments[0].setAttribute('style', 'border: 3px solid red; border-style: dashed;')' successfully

13-09-2025T03:47:42 - [MESSAGE][PASSED] - Execute JavaScript 'arguments[0].setAttribute('style', '')' successfully

13-09-2025T03:47:42 - [MESSAGE][PASSED] - Object: 'ddlHeader' is clicked on

13-09-2025T03:47:44 - [MESSAGE][PASSED] - Delayed 2 second(s)

13-09-2025T03:47:44 - [MESSAGE][PASSED] - Execute JavaScript 'arguments[0].setAttribute('style', 'border: 3px solid red; border-style: dashed;')' successfully

13-09-2025T03:47:45 - [MESSAGE][PASSED] - Execute JavaScript 'arguments[0].setAttribute('style', '')' successfully

13-09-2025T03:47:49 - [MESSAGE][PASSED] - Object: 'btnLogout' is clicked on

13-09-2025T03:47:49 - [TEST_STEP][PASSED] - Start listener action : afterTestCase: null

13-09-2025T03:47:49 - [TEST_STEP][PASSED] - if (Close_Session_TC == true): null

13-09-2025T03:47:49 - [TEST_STEP][PASSED] - data = currentTestData: null

13-09-2025T03:47:49 - [TEST_STEP][PASSED] - index = currentIndex: null

13-09-2025T03:47:49 - [TEST_STEP][PASSED] - tcName = getTestCaseId().split("/")[-1]: null

13-09-2025T03:47:49 - [TEST_STEP][PASSED] - startTime = (startTimes[tcName]) ? startTimes[tcName] : java.lang.System.currentTimeMillis(): null

13-09-2025T03:47:49 - [TEST_STEP][PASSED] - endTime = System.currentTimeMillis(): null

13-09-2025T03:47:49 - [TEST_STEP][PASSED] - execTimeInSeconds = endTime - startTime / 1000.0: null

13-09-2025T03:47:49 - [TEST_STEP][PASSED] - rawStatus = (••••••••CaseContext.getTestCaseStatus()) ? ••••••••CaseContext.getTestCaseStatus() : NOT_EXECUTED: null

13-09-2025T03:47:49 - [TEST_STEP][PASSED] - status = <not implemented yet for class: org.codehaus.groovy.ast.expr.EmptyExpression>: null

13-09-2025T03:47:49 - [TEST_STEP][PASSED] - switch (rawStatus.toUpperCase()): null

13-09-2025T03:47:49 - [TEST_STEP][PASSED] - case "PASSED":: null

13-09-2025T03:47:49 - [TEST_STEP][PASSED] - status = "PASS": null

13-09-2025T03:47:49 - [TEST_STEP][PASSED] - break: null

13-09-2025T03:47:49 - [TEST_STEP][PASSED] - println([INFO] TC: $tcName, Status=$status, Time=$String.format(%.2f, execTimeInSeconds) detik): null

13-09-2025T03:47:49 - [TEST_STEP][PASSED] - projectDir = getProjectDir(): null

13-09-2025T03:47:49 - [TEST_STEP][PASSED] - baseFolder = new java.io.File($projectDir/Reports/CustomPDFReport/$tcName): null

13-09-2025T03:47:49 - [TEST_STEP][PASSED] - if (!(baseFolder.exists())): null

13-09-2025T03:47:49 - [TEST_STEP][PASSED] - targetRunFolder = null: null

13-09-2025T03:47:49 - [TEST_STEP][PASSED] - runFolders = (baseFolder.listFiles()?.findAll({ -> ... })) ? baseFolder.listFiles()?.findAll({ -> ... }) : []: null

13-09-2025T03:47:49 - [TEST_STEP][PASSED] - if (runFolders): null

13-09-2025T03:47:49 - [TEST_STEP][PASSED] - targetRunFolder = runFolders.max({ java.lang.Object f -> ... }): null

13-09-2025T03:47:49 - [TEST_STEP][PASSED] - if (!(targetRunFolder)): null

13-09-2025T03:47:49 - [TEST_STEP][PASSED] - screenshots = []: null

13-09-2025T03:47:49 - [TEST_STEP][PASSED] - if (status.equalsIgnoreCase("FAIL")): null

13-09-2025T03:47:49 - [TEST_STEP][PASSED] - else: null

13-09-2025T03:47:49 - [TEST_STEP][PASSED] -  }).each({ java.lang.Object file -> ... }): null

13-09-2025T03:47:49 - [TEST_STEP][PASSED] - remarks = (status.equalsIgnoreCase(PASS)) ? Test case passed : Error displayed: null

13-09-2025T03:47:49 - [TEST_STEP][PASSED] - ••••••••Cases << ["id":tcName, "name":data.getValue("Description", index), "status":status, "time":execTimeInSeconds, "screenshot":screenshots, ... ]: null]]></system-out>
         <system-err><![CDATA[]]></system-err>
      </testcase>
      <testcase name="Test Cases/Web/Login/TC02_Negative_Login Invalid Username" time="9.702" classname="Test Cases/Web/Login/TC02_Negative_Login Invalid Username" status="PASSED">
         <system-out><![CDATA[13-09-2025T03:47:49 - [TEST_CASE][PASSED] - Test Cases/Web/Login/TC02_Negative_Login Invalid Username: Test Cases/Web/Login/TC02_Negative_Login Invalid Username

13-09-2025T03:47:50 - [TEST_STEP][PASSED] - Start listener action : beforeTestCase: null

13-09-2025T03:47:50 - [TEST_STEP][PASSED] - ••••••••CaseName = split("/").last(): null

13-09-2025T03:47:50 - [TEST_STEP][PASSED] - TestDataUtils.loadTestData(••••••••CaseName): null

13-09-2025T03:47:50 - [TEST_STEP][PASSED] - if (Single_Open_Browser == false): null

13-09-2025T03:47:50 - [TEST_STEP][PASSED] - else: null

13-09-2025T03:47:50 - [TEST_STEP][PASSED] - println("Open Browser is NOT set for single running."): null

13-09-2025T03:47:50 - [TEST_STEP][PASSED] - tcName = getTestCaseId().tokenize("/")[-1]: null

13-09-2025T03:47:50 - [TEST_STEP][PASSED] - TempGlobalVariables.set("Test_Case_Name", tcName): null

13-09-2025T03:47:50 - [TEST_STEP][PASSED] - ReportUtils.createNewFolder(tcName): null

13-09-2025T03:47:50 - [TEST_STEP][PASSED] - startTimes[tcName] = System.currentTimeMillis(): null

13-09-2025T03:47:50 - [TEST_STEP][PASSED] - login = new pageObjects.WebLoginPage(): null

13-09-2025T03:47:50 - [TEST_STEP][PASSED] - dashboard = new pageObjects.WebDashboardPage(): null

13-09-2025T03:47:50 - [TEST_STEP][PASSED] - data = currentTestData: null

13-09-2025T03:47:50 - [TEST_STEP][PASSED] - index = currentIndex: null

13-09-2025T03:47:50 - [TEST_STEP][PASSED] - login.inputUsername(data.getValue("Username", index)): Text 'suhendar' is set on object 'txtUsername'

13-09-2025T03:47:50 - [MESSAGE][PASSED] - Execute JavaScript 'arguments[0].setAttribute('style', 'border: 3px solid red; border-style: dashed;')' successfully

13-09-2025T03:47:50 - [MESSAGE][PASSED] - Execute JavaScript 'arguments[0].setAttribute('style', '')' successfully

13-09-2025T03:47:51 - [MESSAGE][PASSED] - Text 'suhendar' is set on object 'txtUsername'

13-09-2025T03:47:51 - [TEST_STEP][PASSED] - login.inputPassword(data.getValue("Password", index)): Text ****** has been set on object 'txtPassword'

13-09-2025T03:47:51 - [MESSAGE][PASSED] - Execute JavaScript 'arguments[0].setAttribute('style', 'border: 3px solid red; border-style: dashed;')' successfully

13-09-2025T03:47:51 - [MESSAGE][PASSED] - Execute JavaScript 'arguments[0].setAttribute('style', '')' successfully

13-09-2025T03:47:51 - [MESSAGE][PASSED] - Text ****** has been set on object 'txtPassword'

13-09-2025T03:47:51 - [TEST_STEP][PASSED] - ReportUtils.captureScreenshot(): Taking screenshot successfully

13-09-2025T03:47:52 - [MESSAGE][PASSED] - Taking screenshot successfully
[[ATTACHMENT|E:\Full Time Jobs\4. Automation Test Katalon Studio\Repository\SQA_Automation_Test_Project\Reports\CustomPDFReport\TC02_Negative_Login Invalid Username\Run2/screenshot_1.png]]

13-09-2025T03:47:52 - [TEST_STEP][PASSED] - login.clickLogin(): Object: 'btnLogin' is clicked on

13-09-2025T03:47:52 - [MESSAGE][PASSED] - Execute JavaScript 'arguments[0].setAttribute('style', 'border: 3px solid red; border-style: dashed;')' successfully

13-09-2025T03:47:52 - [MESSAGE][PASSED] - Execute JavaScript 'arguments[0].setAttribute('style', '')' successfully

13-09-2025T03:47:56 - [MESSAGE][PASSED] - Object: 'btnLogin' is clicked on

13-09-2025T03:47:56 - [TEST_STEP][PASSED] - login.verifyErrorMessage(data.getValue("Expected Outcome 1", index)): Actual text 'maaf username atau password salah' and expected text 'maaf username atau password salah' are matched 

13-09-2025T03:47:59 - [MESSAGE][PASSED] - Delayed 2 second(s)

13-09-2025T03:47:59 - [MESSAGE][PASSED] - Execute JavaScript 'arguments[0].setAttribute('style', 'border: 3px solid red; border-style: dashed;')' successfully

13-09-2025T03:47:59 - [MESSAGE][PASSED] - Execute JavaScript 'arguments[0].setAttribute('style', '')' successfully

13-09-2025T03:47:59 - [MESSAGE][PASSED] - Text of object 'lblErrorMessage' is: 'maaf username atau password salah'

13-09-2025T03:47:59 - [MESSAGE][PASSED] - Actual text 'maaf username atau password salah' and expected text 'maaf username atau password salah' are matched 

13-09-2025T03:47:59 - [TEST_STEP][PASSED] - ReportUtils.captureScreenshot(): Taking screenshot successfully

13-09-2025T03:47:59 - [MESSAGE][PASSED] - Taking screenshot successfully
[[ATTACHMENT|E:\Full Time Jobs\4. Automation Test Katalon Studio\Repository\SQA_Automation_Test_Project\Reports\CustomPDFReport\TC02_Negative_Login Invalid Username\Run2/screenshot_2.png]]

13-09-2025T03:47:59 - [TEST_STEP][PASSED] - Start listener action : afterTestCase: null

13-09-2025T03:47:59 - [TEST_STEP][PASSED] - if (Close_Session_TC == true): null

13-09-2025T03:47:59 - [TEST_STEP][PASSED] - data = currentTestData: null

13-09-2025T03:47:59 - [TEST_STEP][PASSED] - index = currentIndex: null

13-09-2025T03:47:59 - [TEST_STEP][PASSED] - tcName = getTestCaseId().split("/")[-1]: null

13-09-2025T03:47:59 - [TEST_STEP][PASSED] - startTime = (startTimes[tcName]) ? startTimes[tcName] : java.lang.System.currentTimeMillis(): null

13-09-2025T03:47:59 - [TEST_STEP][PASSED] - endTime = System.currentTimeMillis(): null

13-09-2025T03:47:59 - [TEST_STEP][PASSED] - execTimeInSeconds = endTime - startTime / 1000.0: null

13-09-2025T03:47:59 - [TEST_STEP][PASSED] - rawStatus = (••••••••CaseContext.getTestCaseStatus()) ? ••••••••CaseContext.getTestCaseStatus() : NOT_EXECUTED: null

13-09-2025T03:47:59 - [TEST_STEP][PASSED] - status = <not implemented yet for class: org.codehaus.groovy.ast.expr.EmptyExpression>: null

13-09-2025T03:47:59 - [TEST_STEP][PASSED] - switch (rawStatus.toUpperCase()): null

13-09-2025T03:47:59 - [TEST_STEP][PASSED] - case "PASSED":: null

13-09-2025T03:47:59 - [TEST_STEP][PASSED] - status = "PASS": null

13-09-2025T03:47:59 - [TEST_STEP][PASSED] - break: null

13-09-2025T03:47:59 - [TEST_STEP][PASSED] - println([INFO] TC: $tcName, Status=$status, Time=$String.format(%.2f, execTimeInSeconds) detik): null

13-09-2025T03:47:59 - [TEST_STEP][PASSED] - projectDir = getProjectDir(): null

13-09-2025T03:47:59 - [TEST_STEP][PASSED] - baseFolder = new java.io.File($projectDir/Reports/CustomPDFReport/$tcName): null

13-09-2025T03:47:59 - [TEST_STEP][PASSED] - if (!(baseFolder.exists())): null

13-09-2025T03:47:59 - [TEST_STEP][PASSED] - targetRunFolder = null: null

13-09-2025T03:47:59 - [TEST_STEP][PASSED] - runFolders = (baseFolder.listFiles()?.findAll({ -> ... })) ? baseFolder.listFiles()?.findAll({ -> ... }) : []: null

13-09-2025T03:47:59 - [TEST_STEP][PASSED] - if (runFolders): null

13-09-2025T03:47:59 - [TEST_STEP][PASSED] - targetRunFolder = runFolders.max({ java.lang.Object f -> ... }): null

13-09-2025T03:47:59 - [TEST_STEP][PASSED] - if (!(targetRunFolder)): null

13-09-2025T03:47:59 - [TEST_STEP][PASSED] - screenshots = []: null

13-09-2025T03:47:59 - [TEST_STEP][PASSED] - if (status.equalsIgnoreCase("FAIL")): null

13-09-2025T03:47:59 - [TEST_STEP][PASSED] - else: null

13-09-2025T03:47:59 - [TEST_STEP][PASSED] -  }).each({ java.lang.Object file -> ... }): null

13-09-2025T03:47:59 - [TEST_STEP][PASSED] - remarks = (status.equalsIgnoreCase(PASS)) ? Test case passed : Error displayed: null

13-09-2025T03:47:59 - [TEST_STEP][PASSED] - ••••••••Cases << ["id":tcName, "name":data.getValue("Description", index), "status":status, "time":execTimeInSeconds, "screenshot":screenshots, ... ]: null]]></system-out>
         <system-err><![CDATA[]]></system-err>
      </testcase>
      <testcase name="Test Cases/Web/Login/TC03_Negative_Login Invalid Password" time="11.919" classname="Test Cases/Web/Login/TC03_Negative_Login Invalid Password" status="PASSED">
         <system-out><![CDATA[13-09-2025T03:47:59 - [TEST_CASE][PASSED] - Test Cases/Web/Login/TC03_Negative_Login Invalid Password: Test Cases/Web/Login/TC03_Negative_Login Invalid Password

13-09-2025T03:47:59 - [TEST_STEP][PASSED] - Start listener action : beforeTestCase: null

13-09-2025T03:47:59 - [TEST_STEP][PASSED] - ••••••••CaseName = split("/").last(): null

13-09-2025T03:47:59 - [TEST_STEP][PASSED] - TestDataUtils.loadTestData(••••••••CaseName): null

13-09-2025T03:48:00 - [TEST_STEP][PASSED] - if (Single_Open_Browser == false): null

13-09-2025T03:48:00 - [TEST_STEP][PASSED] - else: null

13-09-2025T03:48:00 - [TEST_STEP][PASSED] - println("Open Browser is NOT set for single running."): null

13-09-2025T03:48:00 - [TEST_STEP][PASSED] - tcName = getTestCaseId().tokenize("/")[-1]: null

13-09-2025T03:48:00 - [TEST_STEP][PASSED] - TempGlobalVariables.set("Test_Case_Name", tcName): null

13-09-2025T03:48:00 - [TEST_STEP][PASSED] - ReportUtils.createNewFolder(tcName): null

13-09-2025T03:48:00 - [TEST_STEP][PASSED] - startTimes[tcName] = System.currentTimeMillis(): null

13-09-2025T03:48:00 - [TEST_STEP][PASSED] - login = new pageObjects.WebLoginPage(): null

13-09-2025T03:48:00 - [TEST_STEP][PASSED] - dashboard = new pageObjects.WebDashboardPage(): null

13-09-2025T03:48:00 - [TEST_STEP][PASSED] - report = new generic.ReportUtils(): null

13-09-2025T03:48:00 - [TEST_STEP][PASSED] - if (Single_Open_Browser == true): Refresh successfully

13-09-2025T03:48:00 - [TEST_STEP][PASSED] - refresh(): Refresh successfully

13-09-2025T03:48:02 - [MESSAGE][PASSED] - Refresh successfully

13-09-2025T03:48:02 - [TEST_STEP][PASSED] - data = currentTestData: null

13-09-2025T03:48:02 - [TEST_STEP][PASSED] - index = currentIndex: null

13-09-2025T03:48:02 - [TEST_STEP][PASSED] - login.inputUsername(data.getValue("Username", index)): Text 'Tester2' is set on object 'txtUsername'

13-09-2025T03:48:02 - [MESSAGE][PASSED] - Execute JavaScript 'arguments[0].setAttribute('style', 'border: 3px solid red; border-style: dashed;')' successfully

13-09-2025T03:48:02 - [MESSAGE][PASSED] - Execute JavaScript 'arguments[0].setAttribute('style', '')' successfully

13-09-2025T03:48:03 - [MESSAGE][PASSED] - Text 'Tester2' is set on object 'txtUsername'

13-09-2025T03:48:03 - [TEST_STEP][PASSED] - login.inputPassword(data.getValue("Password", index)): Text ****** has been set on object 'txtPassword'

13-09-2025T03:48:03 - [MESSAGE][PASSED] - Execute JavaScript 'arguments[0].setAttribute('style', 'border: 3px solid red; border-style: dashed;')' successfully

13-09-2025T03:48:03 - [MESSAGE][PASSED] - Execute JavaScript 'arguments[0].setAttribute('style', '')' successfully

13-09-2025T03:48:03 - [MESSAGE][PASSED] - Text ****** has been set on object 'txtPassword'

13-09-2025T03:48:03 - [TEST_STEP][PASSED] - ReportUtils.captureScreenshot(): Taking screenshot successfully

13-09-2025T03:48:03 - [MESSAGE][PASSED] - Taking screenshot successfully
[[ATTACHMENT|E:\Full Time Jobs\4. Automation Test Katalon Studio\Repository\SQA_Automation_Test_Project\Reports\CustomPDFReport\TC03_Negative_Login Invalid Password\Run2/screenshot_1.png]]

13-09-2025T03:48:03 - [TEST_STEP][PASSED] - login.clickLogin(): Object: 'btnLogin' is clicked on

13-09-2025T03:48:04 - [MESSAGE][PASSED] - Execute JavaScript 'arguments[0].setAttribute('style', 'border: 3px solid red; border-style: dashed;')' successfully

13-09-2025T03:48:04 - [MESSAGE][PASSED] - Execute JavaScript 'arguments[0].setAttribute('style', '')' successfully

13-09-2025T03:48:08 - [MESSAGE][PASSED] - Object: 'btnLogin' is clicked on

13-09-2025T03:48:08 - [TEST_STEP][PASSED] - login.verifyErrorMessage(data.getValue("Expected Outcome 1", index)): Actual text 'maaf username atau password salah' and expected text 'maaf username atau password salah' are matched 

13-09-2025T03:48:10 - [MESSAGE][PASSED] - Delayed 2 second(s)

13-09-2025T03:48:11 - [MESSAGE][PASSED] - Execute JavaScript 'arguments[0].setAttribute('style', 'border: 3px solid red; border-style: dashed;')' successfully

13-09-2025T03:48:11 - [MESSAGE][PASSED] - Execute JavaScript 'arguments[0].setAttribute('style', '')' successfully

13-09-2025T03:48:11 - [MESSAGE][PASSED] - Text of object 'lblErrorMessage' is: 'maaf username atau password salah'

13-09-2025T03:48:11 - [MESSAGE][PASSED] - Actual text 'maaf username atau password salah' and expected text 'maaf username atau password salah' are matched 

13-09-2025T03:48:11 - [TEST_STEP][PASSED] - ReportUtils.captureScreenshot(): Taking screenshot successfully

13-09-2025T03:48:11 - [MESSAGE][PASSED] - Taking screenshot successfully
[[ATTACHMENT|E:\Full Time Jobs\4. Automation Test Katalon Studio\Repository\SQA_Automation_Test_Project\Reports\CustomPDFReport\TC03_Negative_Login Invalid Password\Run2/screenshot_2.png]]

13-09-2025T03:48:11 - [TEST_STEP][PASSED] - Start listener action : afterTestCase: null

13-09-2025T03:48:11 - [TEST_STEP][PASSED] - if (Close_Session_TC == true): null

13-09-2025T03:48:11 - [TEST_STEP][PASSED] - data = currentTestData: null

13-09-2025T03:48:11 - [TEST_STEP][PASSED] - index = currentIndex: null

13-09-2025T03:48:11 - [TEST_STEP][PASSED] - tcName = getTestCaseId().split("/")[-1]: null

13-09-2025T03:48:11 - [TEST_STEP][PASSED] - startTime = (startTimes[tcName]) ? startTimes[tcName] : java.lang.System.currentTimeMillis(): null

13-09-2025T03:48:11 - [TEST_STEP][PASSED] - endTime = System.currentTimeMillis(): null

13-09-2025T03:48:11 - [TEST_STEP][PASSED] - execTimeInSeconds = endTime - startTime / 1000.0: null

13-09-2025T03:48:11 - [TEST_STEP][PASSED] - rawStatus = (••••••••CaseContext.getTestCaseStatus()) ? ••••••••CaseContext.getTestCaseStatus() : NOT_EXECUTED: null

13-09-2025T03:48:11 - [TEST_STEP][PASSED] - status = <not implemented yet for class: org.codehaus.groovy.ast.expr.EmptyExpression>: null

13-09-2025T03:48:11 - [TEST_STEP][PASSED] - switch (rawStatus.toUpperCase()): null

13-09-2025T03:48:11 - [TEST_STEP][PASSED] - case "PASSED":: null

13-09-2025T03:48:11 - [TEST_STEP][PASSED] - status = "PASS": null

13-09-2025T03:48:11 - [TEST_STEP][PASSED] - break: null

13-09-2025T03:48:11 - [TEST_STEP][PASSED] - println([INFO] TC: $tcName, Status=$status, Time=$String.format(%.2f, execTimeInSeconds) detik): null

13-09-2025T03:48:11 - [TEST_STEP][PASSED] - projectDir = getProjectDir(): null

13-09-2025T03:48:11 - [TEST_STEP][PASSED] - baseFolder = new java.io.File($projectDir/Reports/CustomPDFReport/$tcName): null

13-09-2025T03:48:11 - [TEST_STEP][PASSED] - if (!(baseFolder.exists())): null

13-09-2025T03:48:11 - [TEST_STEP][PASSED] - targetRunFolder = null: null

13-09-2025T03:48:11 - [TEST_STEP][PASSED] - runFolders = (baseFolder.listFiles()?.findAll({ -> ... })) ? baseFolder.listFiles()?.findAll({ -> ... }) : []: null

13-09-2025T03:48:11 - [TEST_STEP][PASSED] - if (runFolders): null

13-09-2025T03:48:11 - [TEST_STEP][PASSED] - targetRunFolder = runFolders.max({ java.lang.Object f -> ... }): null

13-09-2025T03:48:11 - [TEST_STEP][PASSED] - if (!(targetRunFolder)): null

13-09-2025T03:48:11 - [TEST_STEP][PASSED] - screenshots = []: null

13-09-2025T03:48:11 - [TEST_STEP][PASSED] - if (status.equalsIgnoreCase("FAIL")): null

13-09-2025T03:48:11 - [TEST_STEP][PASSED] - else: null

13-09-2025T03:48:11 - [TEST_STEP][PASSED] -  }).each({ java.lang.Object file -> ... }): null

13-09-2025T03:48:11 - [TEST_STEP][PASSED] - remarks = (status.equalsIgnoreCase(PASS)) ? Test case passed : Error displayed: null

13-09-2025T03:48:11 - [TEST_STEP][PASSED] - ••••••••Cases << ["id":tcName, "name":data.getValue("Description", index), "status":status, "time":execTimeInSeconds, "screenshot":screenshots, ... ]: null]]></system-out>
         <system-err><![CDATA[]]></system-err>
      </testcase>
      <testcase name="Test Cases/Web/Login/TC04_Negative_Login Empty Username" time="9.814" classname="Test Cases/Web/Login/TC04_Negative_Login Empty Username" status="PASSED">
         <system-out><![CDATA[13-09-2025T03:48:11 - [TEST_CASE][PASSED] - Test Cases/Web/Login/TC04_Negative_Login Empty Username: Test Cases/Web/Login/TC04_Negative_Login Empty Username

13-09-2025T03:48:11 - [TEST_STEP][PASSED] - Start listener action : beforeTestCase: null

13-09-2025T03:48:11 - [TEST_STEP][PASSED] - ••••••••CaseName = split("/").last(): null

13-09-2025T03:48:11 - [TEST_STEP][PASSED] - TestDataUtils.loadTestData(••••••••CaseName): null

13-09-2025T03:48:12 - [TEST_STEP][PASSED] - if (Single_Open_Browser == false): null

13-09-2025T03:48:12 - [TEST_STEP][PASSED] - else: null

13-09-2025T03:48:12 - [TEST_STEP][PASSED] - println("Open Browser is NOT set for single running."): null

13-09-2025T03:48:12 - [TEST_STEP][PASSED] - tcName = getTestCaseId().tokenize("/")[-1]: null

13-09-2025T03:48:12 - [TEST_STEP][PASSED] - TempGlobalVariables.set("Test_Case_Name", tcName): null

13-09-2025T03:48:12 - [TEST_STEP][PASSED] - ReportUtils.createNewFolder(tcName): null

13-09-2025T03:48:12 - [TEST_STEP][PASSED] - startTimes[tcName] = System.currentTimeMillis(): null

13-09-2025T03:48:12 - [TEST_STEP][PASSED] - login = new pageObjects.WebLoginPage(): null

13-09-2025T03:48:12 - [TEST_STEP][PASSED] - dashboard = new pageObjects.WebDashboardPage(): null

13-09-2025T03:48:12 - [TEST_STEP][PASSED] - if (Single_Open_Browser == true): Refresh successfully

13-09-2025T03:48:12 - [TEST_STEP][PASSED] - refresh(): Refresh successfully

13-09-2025T03:48:14 - [MESSAGE][PASSED] - Refresh successfully

13-09-2025T03:48:14 - [TEST_STEP][PASSED] - data = currentTestData: null

13-09-2025T03:48:14 - [TEST_STEP][PASSED] - index = currentIndex: null

13-09-2025T03:48:14 - [TEST_STEP][PASSED] - login.inputPassword(data.getValue("Password", index)): Text ****** has been set on object 'txtPassword'

13-09-2025T03:48:14 - [MESSAGE][PASSED] - Execute JavaScript 'arguments[0].setAttribute('style', 'border: 3px solid red; border-style: dashed;')' successfully

13-09-2025T03:48:14 - [MESSAGE][PASSED] - Execute JavaScript 'arguments[0].setAttribute('style', '')' successfully

13-09-2025T03:48:15 - [MESSAGE][PASSED] - Text ****** has been set on object 'txtPassword'

13-09-2025T03:48:15 - [TEST_STEP][PASSED] - login.clickLogin(): Object: 'btnLogin' is clicked on

13-09-2025T03:48:15 - [MESSAGE][PASSED] - Execute JavaScript 'arguments[0].setAttribute('style', 'border: 3px solid red; border-style: dashed;')' successfully

13-09-2025T03:48:15 - [MESSAGE][PASSED] - Execute JavaScript 'arguments[0].setAttribute('style', '')' successfully

13-09-2025T03:48:15 - [MESSAGE][PASSED] - Object: 'btnLogin' is clicked on

13-09-2025T03:48:15 - [TEST_STEP][PASSED] - login.verifyPopupAlertMessage(data.getValue("Expected Outcome 1", index)): verify equals message on alert popup

13-09-2025T03:48:15 - [MESSAGE][PASSED] - Alert is present after 2 second(s).

13-09-2025T03:48:15 - [MESSAGE][PASSED] - Get alert text successfully: 'maaf username tidak boleh kosong'

13-09-2025T03:48:16 - [MESSAGE][INFO] - Alert text: maaf username tidak boleh kosong

13-09-2025T03:48:16 - [MESSAGE][PASSED] - Actual object 'maaf username tidak boleh kosong' and expected object 'maaf username tidak boleh kosong' are equal

13-09-2025T03:48:16 - [MESSAGE][INFO] - verify equals message on alert popup

13-09-2025T03:48:16 - [TEST_STEP][PASSED] - login.clickOkButtonAlertPopup(): OK button clicked on alert popup

13-09-2025T03:48:16 - [MESSAGE][PASSED] - Alert is present after 2 second(s).

13-09-2025T03:48:21 - [MESSAGE][PASSED] - Delayed 5 second(s)

13-09-2025T03:48:21 - [MESSAGE][PASSED] - Alert accepted

13-09-2025T03:48:21 - [MESSAGE][INFO] - OK button clicked on alert popup

13-09-2025T03:48:21 - [TEST_STEP][PASSED] - ReportUtils.captureScreenshot(): Taking screenshot successfully

13-09-2025T03:48:21 - [MESSAGE][PASSED] - Taking screenshot successfully
[[ATTACHMENT|E:\Full Time Jobs\4. Automation Test Katalon Studio\Repository\SQA_Automation_Test_Project\Reports\CustomPDFReport\TC04_Negative_Login Empty Username\Run2/screenshot_1.png]]

13-09-2025T03:48:21 - [TEST_STEP][PASSED] - Start listener action : afterTestCase: null

13-09-2025T03:48:21 - [TEST_STEP][PASSED] - if (Close_Session_TC == true): null

13-09-2025T03:48:21 - [TEST_STEP][PASSED] - data = currentTestData: null

13-09-2025T03:48:21 - [TEST_STEP][PASSED] - index = currentIndex: null

13-09-2025T03:48:21 - [TEST_STEP][PASSED] - tcName = getTestCaseId().split("/")[-1]: null

13-09-2025T03:48:21 - [TEST_STEP][PASSED] - startTime = (startTimes[tcName]) ? startTimes[tcName] : java.lang.System.currentTimeMillis(): null

13-09-2025T03:48:21 - [TEST_STEP][PASSED] - endTime = System.currentTimeMillis(): null

13-09-2025T03:48:21 - [TEST_STEP][PASSED] - execTimeInSeconds = endTime - startTime / 1000.0: null

13-09-2025T03:48:21 - [TEST_STEP][PASSED] - rawStatus = (••••••••CaseContext.getTestCaseStatus()) ? ••••••••CaseContext.getTestCaseStatus() : NOT_EXECUTED: null

13-09-2025T03:48:21 - [TEST_STEP][PASSED] - status = <not implemented yet for class: org.codehaus.groovy.ast.expr.EmptyExpression>: null

13-09-2025T03:48:21 - [TEST_STEP][PASSED] - switch (rawStatus.toUpperCase()): null

13-09-2025T03:48:21 - [TEST_STEP][PASSED] - case "PASSED":: null

13-09-2025T03:48:21 - [TEST_STEP][PASSED] - status = "PASS": null

13-09-2025T03:48:21 - [TEST_STEP][PASSED] - break: null

13-09-2025T03:48:21 - [TEST_STEP][PASSED] - println([INFO] TC: $tcName, Status=$status, Time=$String.format(%.2f, execTimeInSeconds) detik): null

13-09-2025T03:48:21 - [TEST_STEP][PASSED] - projectDir = getProjectDir(): null

13-09-2025T03:48:21 - [TEST_STEP][PASSED] - baseFolder = new java.io.File($projectDir/Reports/CustomPDFReport/$tcName): null

13-09-2025T03:48:21 - [TEST_STEP][PASSED] - if (!(baseFolder.exists())): null

13-09-2025T03:48:21 - [TEST_STEP][PASSED] - targetRunFolder = null: null

13-09-2025T03:48:21 - [TEST_STEP][PASSED] - runFolders = (baseFolder.listFiles()?.findAll({ -> ... })) ? baseFolder.listFiles()?.findAll({ -> ... }) : []: null

13-09-2025T03:48:21 - [TEST_STEP][PASSED] - if (runFolders): null

13-09-2025T03:48:21 - [TEST_STEP][PASSED] - targetRunFolder = runFolders.max({ java.lang.Object f -> ... }): null

13-09-2025T03:48:21 - [TEST_STEP][PASSED] - if (!(targetRunFolder)): null

13-09-2025T03:48:21 - [TEST_STEP][PASSED] - screenshots = []: null

13-09-2025T03:48:21 - [TEST_STEP][PASSED] - if (status.equalsIgnoreCase("FAIL")): null

13-09-2025T03:48:21 - [TEST_STEP][PASSED] - else: null

13-09-2025T03:48:21 - [TEST_STEP][PASSED] -  }).each({ java.lang.Object file -> ... }): null

13-09-2025T03:48:21 - [TEST_STEP][PASSED] - remarks = (status.equalsIgnoreCase(PASS)) ? Test case passed : Error displayed: null

13-09-2025T03:48:21 - [TEST_STEP][PASSED] - ••••••••Cases << ["id":tcName, "name":data.getValue("Description", index), "status":status, "time":execTimeInSeconds, "screenshot":screenshots, ... ]: null]]></system-out>
         <system-err><![CDATA[]]></system-err>
      </testcase>
      <testcase name="Test Cases/Web/Login/TC05_Negative_Login Empty Password" time="9.746" classname="Test Cases/Web/Login/TC05_Negative_Login Empty Password" status="PASSED">
         <system-out><![CDATA[13-09-2025T03:48:21 - [TEST_CASE][PASSED] - Test Cases/Web/Login/TC05_Negative_Login Empty Password: Test Cases/Web/Login/TC05_Negative_Login Empty Password

13-09-2025T03:48:21 - [TEST_STEP][PASSED] - Start listener action : beforeTestCase: null

13-09-2025T03:48:21 - [TEST_STEP][PASSED] - ••••••••CaseName = split("/").last(): null

13-09-2025T03:48:21 - [TEST_STEP][PASSED] - TestDataUtils.loadTestData(••••••••CaseName): null

13-09-2025T03:48:21 - [TEST_STEP][PASSED] - if (Single_Open_Browser == false): null

13-09-2025T03:48:21 - [TEST_STEP][PASSED] - else: null

13-09-2025T03:48:21 - [TEST_STEP][PASSED] - println("Open Browser is NOT set for single running."): null

13-09-2025T03:48:21 - [TEST_STEP][PASSED] - tcName = getTestCaseId().tokenize("/")[-1]: null

13-09-2025T03:48:21 - [TEST_STEP][PASSED] - TempGlobalVariables.set("Test_Case_Name", tcName): null

13-09-2025T03:48:21 - [TEST_STEP][PASSED] - ReportUtils.createNewFolder(tcName): null

13-09-2025T03:48:21 - [TEST_STEP][PASSED] - startTimes[tcName] = System.currentTimeMillis(): null

13-09-2025T03:48:21 - [TEST_STEP][PASSED] - login = new pageObjects.WebLoginPage(): null

13-09-2025T03:48:21 - [TEST_STEP][PASSED] - dashboard = new pageObjects.WebDashboardPage(): null

13-09-2025T03:48:21 - [TEST_STEP][PASSED] - if (Single_Open_Browser == true): Refresh successfully

13-09-2025T03:48:21 - [TEST_STEP][PASSED] - refresh(): Refresh successfully

13-09-2025T03:48:24 - [MESSAGE][PASSED] - Refresh successfully

13-09-2025T03:48:24 - [TEST_STEP][PASSED] - data = currentTestData: null

13-09-2025T03:48:24 - [TEST_STEP][PASSED] - index = currentIndex: null

13-09-2025T03:48:24 - [TEST_STEP][PASSED] - login.inputUsername(data.getValue("Username", index)): Text 'suhendar' is set on object 'txtUsername'

13-09-2025T03:48:24 - [MESSAGE][PASSED] - Execute JavaScript 'arguments[0].setAttribute('style', 'border: 3px solid red; border-style: dashed;')' successfully

13-09-2025T03:48:24 - [MESSAGE][PASSED] - Execute JavaScript 'arguments[0].setAttribute('style', '')' successfully

13-09-2025T03:48:24 - [MESSAGE][PASSED] - Text 'suhendar' is set on object 'txtUsername'

13-09-2025T03:48:24 - [TEST_STEP][PASSED] - login.clearInputPassword(): Execute JavaScript 'arguments[0].setAttribute('style', '')' successfully

13-09-2025T03:48:24 - [MESSAGE][PASSED] - Text of object 'txtPassword' is cleared

13-09-2025T03:48:24 - [MESSAGE][PASSED] - Execute JavaScript 'arguments[0].setAttribute('style', 'border: 3px solid red; border-style: dashed;')' successfully

13-09-2025T03:48:25 - [MESSAGE][PASSED] - Execute JavaScript 'arguments[0].setAttribute('style', '')' successfully

13-09-2025T03:48:25 - [TEST_STEP][PASSED] - login.clickLogin(): Object: 'btnLogin' is clicked on

13-09-2025T03:48:25 - [MESSAGE][PASSED] - Execute JavaScript 'arguments[0].setAttribute('style', 'border: 3px solid red; border-style: dashed;')' successfully

13-09-2025T03:48:25 - [MESSAGE][PASSED] - Execute JavaScript 'arguments[0].setAttribute('style', '')' successfully

13-09-2025T03:48:25 - [MESSAGE][PASSED] - Object: 'btnLogin' is clicked on

13-09-2025T03:48:25 - [TEST_STEP][PASSED] - login.verifyPopupAlertMessage(data.getValue("Expected Outcome 1", index)): verify equals message on alert popup

13-09-2025T03:48:25 - [MESSAGE][PASSED] - Alert is present after 2 second(s).

13-09-2025T03:48:25 - [MESSAGE][PASSED] - Get alert text successfully: 'maaf password tidak boleh kosong'

13-09-2025T03:48:25 - [MESSAGE][INFO] - Alert text: maaf password tidak boleh kosong

13-09-2025T03:48:25 - [MESSAGE][PASSED] - Actual object 'maaf password tidak boleh kosong' and expected object 'maaf password tidak boleh kosong' are equal

13-09-2025T03:48:25 - [MESSAGE][INFO] - verify equals message on alert popup

13-09-2025T03:48:25 - [TEST_STEP][PASSED] - login.clickOkButtonAlertPopup(): OK button clicked on alert popup

13-09-2025T03:48:25 - [MESSAGE][PASSED] - Alert is present after 2 second(s).

13-09-2025T03:48:30 - [MESSAGE][PASSED] - Delayed 5 second(s)

13-09-2025T03:48:30 - [MESSAGE][PASSED] - Alert accepted

13-09-2025T03:48:30 - [MESSAGE][INFO] - OK button clicked on alert popup

13-09-2025T03:48:30 - [TEST_STEP][PASSED] - ReportUtils.captureScreenshot(): Taking screenshot successfully

13-09-2025T03:48:31 - [MESSAGE][PASSED] - Taking screenshot successfully
[[ATTACHMENT|E:\Full Time Jobs\4. Automation Test Katalon Studio\Repository\SQA_Automation_Test_Project\Reports\CustomPDFReport\TC05_Negative_Login Empty Password\Run2/screenshot_1.png]]

13-09-2025T03:48:31 - [TEST_STEP][PASSED] - Start listener action : afterTestCase: null

13-09-2025T03:48:31 - [TEST_STEP][PASSED] - if (Close_Session_TC == true): null

13-09-2025T03:48:31 - [TEST_STEP][PASSED] - data = currentTestData: null

13-09-2025T03:48:31 - [TEST_STEP][PASSED] - index = currentIndex: null

13-09-2025T03:48:31 - [TEST_STEP][PASSED] - tcName = getTestCaseId().split("/")[-1]: null

13-09-2025T03:48:31 - [TEST_STEP][PASSED] - startTime = (startTimes[tcName]) ? startTimes[tcName] : java.lang.System.currentTimeMillis(): null

13-09-2025T03:48:31 - [TEST_STEP][PASSED] - endTime = System.currentTimeMillis(): null

13-09-2025T03:48:31 - [TEST_STEP][PASSED] - execTimeInSeconds = endTime - startTime / 1000.0: null

13-09-2025T03:48:31 - [TEST_STEP][PASSED] - rawStatus = (••••••••CaseContext.getTestCaseStatus()) ? ••••••••CaseContext.getTestCaseStatus() : NOT_EXECUTED: null

13-09-2025T03:48:31 - [TEST_STEP][PASSED] - status = <not implemented yet for class: org.codehaus.groovy.ast.expr.EmptyExpression>: null

13-09-2025T03:48:31 - [TEST_STEP][PASSED] - switch (rawStatus.toUpperCase()): null

13-09-2025T03:48:31 - [TEST_STEP][PASSED] - case "PASSED":: null

13-09-2025T03:48:31 - [TEST_STEP][PASSED] - status = "PASS": null

13-09-2025T03:48:31 - [TEST_STEP][PASSED] - break: null

13-09-2025T03:48:31 - [TEST_STEP][PASSED] - println([INFO] TC: $tcName, Status=$status, Time=$String.format(%.2f, execTimeInSeconds) detik): null

13-09-2025T03:48:31 - [TEST_STEP][PASSED] - projectDir = getProjectDir(): null

13-09-2025T03:48:31 - [TEST_STEP][PASSED] - baseFolder = new java.io.File($projectDir/Reports/CustomPDFReport/$tcName): null

13-09-2025T03:48:31 - [TEST_STEP][PASSED] - if (!(baseFolder.exists())): null

13-09-2025T03:48:31 - [TEST_STEP][PASSED] - targetRunFolder = null: null

13-09-2025T03:48:31 - [TEST_STEP][PASSED] - runFolders = (baseFolder.listFiles()?.findAll({ -> ... })) ? baseFolder.listFiles()?.findAll({ -> ... }) : []: null

13-09-2025T03:48:31 - [TEST_STEP][PASSED] - if (runFolders): null

13-09-2025T03:48:31 - [TEST_STEP][PASSED] - targetRunFolder = runFolders.max({ java.lang.Object f -> ... }): null

13-09-2025T03:48:31 - [TEST_STEP][PASSED] - if (!(targetRunFolder)): null

13-09-2025T03:48:31 - [TEST_STEP][PASSED] - screenshots = []: null

13-09-2025T03:48:31 - [TEST_STEP][PASSED] - if (status.equalsIgnoreCase("FAIL")): null

13-09-2025T03:48:31 - [TEST_STEP][PASSED] - else: null

13-09-2025T03:48:31 - [TEST_STEP][PASSED] -  }).each({ java.lang.Object file -> ... }): null

13-09-2025T03:48:31 - [TEST_STEP][PASSED] - remarks = (status.equalsIgnoreCase(PASS)) ? Test case passed : Error displayed: null

13-09-2025T03:48:31 - [TEST_STEP][PASSED] - ••••••••Cases << ["id":tcName, "name":data.getValue("Description", index), "status":status, "time":execTimeInSeconds, "screenshot":screenshots, ... ]: null]]></system-out>
         <system-err><![CDATA[]]></system-err>
      </testcase>
      <system-out><![CDATA[13-09-2025T03:47:21 - [TEST_STEP][PASSED] - Start listener action : beforeTestSuite: null

13-09-2025T03:47:21 - [TEST_STEP][PASSED] - if (Single_Open_Browser == true): null

13-09-2025T03:47:22 - [TEST_STEP][PASSED] - WebActions().openBrowser("Chrome", Web_Url): null

13-09-2025T03:47:28 - [TEST_STEP][PASSED] - testCases.clear(): null

13-09-2025T03:47:28 - [TEST_STEP][PASSED] - startTimes.clear(): null

13-09-2025T03:47:28 - [TEST_STEP][PASSED] - println([INFO] Mulai Test Suite: $testSuiteContext.getTestSuiteId()): null

13-09-2025T03:47:21 - [TEST_SUITE][PASSED] - TS_Login Feature: null

13-09-2025T03:48:31 - [TEST_STEP][PASSED] - Start listener action : afterTestSuite: null

13-09-2025T03:48:31 - [TEST_STEP][PASSED] - if (Close_Session_TS == true): Browser is closed

13-09-2025T03:48:31 - [TEST_STEP][PASSED] - closeBrowser(): Browser is closed

13-09-2025T03:48:31 - [MESSAGE][PASSED] - Browser is closed

13-09-2025T03:48:31 - [TEST_STEP][PASSED] - ••••••••SuiteName = getTestSuiteId().split("/")[-1]: null

13-09-2025T03:48:31 - [TEST_STEP][PASSED] - timestamp = Date().format("yyyyMMdd_HHmmss"): null

13-09-2025T03:48:31 - [TEST_STEP][PASSED] - pdfPath = getProjectDir() + /Reports/CustomPDFReport/$••••••••SuiteName_Report_$timestamp.pdf: null

13-09-2025T03:48:31 - [TEST_STEP][PASSED] - PdfReportGenerator.generateReport(pdfPath, ••••••••Cases, ••••••••SuiteName): null

13-09-2025T03:48:32 - [TEST_STEP][PASSED] - println([INFO] PDF report berhasil dibuat: $pdfPath): null

13-09-2025T03:48:32 - [TEST_STEP][PASSED] - total = ••••••••Cases.size(): null

13-09-2025T03:48:32 - [TEST_STEP][PASSED] - passed = ••••••••Cases.count({ -> ... }): null

13-09-2025T03:48:32 - [TEST_STEP][PASSED] - failed = ••••••••Cases.count({ -> ... }): null

13-09-2025T03:48:32 - [TEST_STEP][PASSED] - passRate = ((total > 0)) ? ((passed * 100.0) / total) : 0: null

13-09-2025T03:48:32 - [TEST_STEP][PASSED] - println([SUMMARY] Total=$total, Passed=$passed, Failed=$failed, PassRate=$String.format(%.2f%%, passRate)): null]]></system-out>
      <system-err><![CDATA[]]></system-err>
   </testsuite>
</testsuites>
